[0m
[19:09:19] CheckpointFiles IL 311                                                                            main.py:161
           CharFiles IL 4712                                                                                 main.py:174
           LoraFiles IL 386                                                                                  main.py:187
           WeightCheckpoint IL 311                                                                           main.py:246
           WeightLora IL 2                                                                                   main.py:274
â•­â”€â”€â”€â”€â”€â”€â”€â”€â”€â”€â”€â”€â”€â”€â”€â”€â”€â”€â”€â”€â”€â”€â”€â”€â”€â”€â”€â”€â”€â”€â”€ Traceback (most recent call last) â”€â”€â”€â”€â”€â”€â”€â”€â”€â”€â”€â”€â”€â”€â”€â”€â”€â”€â”€â”€â”€â”€â”€â”€â”€â”€â”€â”€â”€â”€â”€â”€â•®
â”‚ W:\ComfyUI_windows_portable\ComfyU-auto-script-call\main.py:917 in run                           â”‚
â”‚                                                                                                  â”‚
â”‚    914 â”‚   â”‚   """ë©”ì¸ ì‹¤í–‰ ë£¨í”„"""                                                              â”‚
â”‚    915 â”‚   â”‚   try:                                                                              â”‚
â”‚    916 â”‚   â”‚   â”‚   self.config_loader.reload()                                                   â”‚
â”‚ â±  917 â”‚   â”‚   â”‚   self.init(db=True)                                                            â”‚
â”‚    918 â”‚   â”‚   â”‚                                                                                 â”‚
â”‚    919 â”‚   â”‚   â”‚   # íŒŒì¼ ê°ì‹œ ì‹œì‘                                                              â”‚
â”‚    920 â”‚   â”‚   â”‚   file_observer = FileObserver()                                                â”‚
â”‚                                                                                                  â”‚
â”‚ â•­â”€â”€â”€â”€â”€â”€â”€â”€â”€â”€â”€â”€â”€â”€â”€â”€â”€â”€â”€â”€â”€â”€â”€â”€â”€â”€â”€â”€â”€â”€ locals â”€â”€â”€â”€â”€â”€â”€â”€â”€â”€â”€â”€â”€â”€â”€â”€â”€â”€â”€â”€â”€â”€â”€â”€â”€â”€â”€â”€â”€â”€â”€â•®                          â”‚
â”‚ â”‚    e = AttributeError("'NoneType' object has no attribute 'items'") â”‚                          â”‚
â”‚ â”‚ self = <__main__.ComfyUIAutomation object at 0x000001CDAE3A6A50>    â”‚                          â”‚
â”‚ â•°â”€â”€â”€â”€â”€â”€â”€â”€â”€â”€â”€â”€â”€â”€â”€â”€â”€â”€â”€â”€â”€â”€â”€â”€â”€â”€â”€â”€â”€â”€â”€â”€â”€â”€â”€â”€â”€â”€â”€â”€â”€â”€â”€â”€â”€â”€â”€â”€â”€â”€â”€â”€â”€â”€â”€â”€â”€â”€â”€â”€â”€â”€â”€â”€â”€â”€â”€â”€â”€â•¯                          â”‚
â”‚                                                                                                  â”‚
â”‚ W:\ComfyUI_windows_portable\ComfyU-auto-script-call\main.py:136 in init                          â”‚
â”‚                                                                                                  â”‚
â”‚    133 â”‚   â”‚   â”‚                                                                                 â”‚
â”‚    134 â”‚   â”‚   â”‚   # ê°€ì¤‘ì¹˜ ê°€ì ¸ì˜¤ê¸°                                                             â”‚
â”‚    135 â”‚   â”‚   â”‚   self._get_weight_checkpoint(checkpoint_type)                                  â”‚
â”‚ â±  136 â”‚   â”‚   â”‚   self._get_weight_lora(checkpoint_type, delete)                                â”‚
â”‚    137 â”‚   â”‚   â”‚   self._get_weight_char(checkpoint_type)                                        â”‚
â”‚    138 â”‚   â”‚   â”‚                                                                                 â”‚
â”‚    139 â”‚   â”‚   â”‚   # YAML ë”•ì…”ë„ˆë¦¬ ê°€ì ¸ì˜¤ê¸°                                                      â”‚
â”‚                                                                                                  â”‚
â”‚ â•­â”€â”€â”€â”€â”€â”€â”€â”€â”€â”€â”€â”€â”€â”€â”€â”€â”€â”€â”€â”€â”€â”€â”€â”€â”€â”€â”€â”€â”€â”€â”€â”€â”€â”€â”€â”€â”€â”€â”€ locals â”€â”€â”€â”€â”€â”€â”€â”€â”€â”€â”€â”€â”€â”€â”€â”€â”€â”€â”€â”€â”€â”€â”€â”€â”€â”€â”€â”€â”€â”€â”€â”€â”€â”€â”€â”€â”€â”€â”€â•®         â”‚
â”‚ â”‚ checkpoint_type = 'IL'                                                               â”‚         â”‚
â”‚ â”‚       data_path = WindowsPath('W:/ComfyUI_windows_portable/ComfyU-auto-script_data') â”‚         â”‚
â”‚ â”‚              db = True                                                               â”‚         â”‚
â”‚ â”‚          delete = True                                                               â”‚         â”‚
â”‚ â”‚            self = <__main__.ComfyUIAutomation object at 0x000001CDAE3A6A50>          â”‚         â”‚
â”‚ â•°â”€â”€â”€â”€â”€â”€â”€â”€â”€â”€â”€â”€â”€â”€â”€â”€â”€â”€â”€â”€â”€â”€â”€â”€â”€â”€â”€â”€â”€â”€â”€â”€â”€â”€â”€â”€â”€â”€â”€â”€â”€â”€â”€â”€â”€â”€â”€â”€â”€â”€â”€â”€â”€â”€â”€â”€â”€â”€â”€â”€â”€â”€â”€â”€â”€â”€â”€â”€â”€â”€â”€â”€â”€â”€â”€â”€â”€â”€â”€â”€â”€â”€â”€â”€â”€â”€â•¯         â”‚
â”‚                                                                                                  â”‚
â”‚ W:\ComfyUI_windows_portable\ComfyU-auto-script-call\main.py:277 in _get_weight_lora              â”‚
â”‚                                                                                                  â”‚
â”‚    274 â”‚   â”‚   print.Value('WeightLora', checkpoint_type, len(weight_lora))                      â”‚
â”‚    275 â”‚   â”‚                                                                                     â”‚
â”‚    276 â”‚   â”‚   if delete:                                                                        â”‚
â”‚ â±  277 â”‚   â”‚   â”‚   self._clean_weight_lora(checkpoint_type)                                      â”‚
â”‚    278 â”‚   â”‚                                                                                     â”‚
â”‚    279 â”‚   â”‚   self.set_now(weight_lora, 'WeightLora')                                           â”‚
â”‚    280 â”‚   â”‚   print.Value('WeightLora (cleaned)', checkpoint_type, len(self.get_now('WeightLor  â”‚
â”‚                                                                                                  â”‚
â”‚ â•­â”€â”€â”€â”€â”€â”€â”€â”€â”€â”€â”€â”€â”€â”€â”€â”€â”€â”€â”€â”€â”€â”€â”€â”€â”€â”€â”€â”€â”€â”€â”€â”€â”€â”€â”€â”€â”€â”€â”€â”€â”€â”€â”€ locals â”€â”€â”€â”€â”€â”€â”€â”€â”€â”€â”€â”€â”€â”€â”€â”€â”€â”€â”€â”€â”€â”€â”€â”€â”€â”€â”€â”€â”€â”€â”€â”€â”€â”€â”€â”€â”€â”€â”€â”€â”€â”€â”€â•® â”‚
â”‚ â”‚ checkpoint_type = 'IL'                                                                       â”‚ â”‚
â”‚ â”‚       data_path = WindowsPath('W:/ComfyUI_windows_portable/ComfyU-auto-script_data')         â”‚ â”‚
â”‚ â”‚          delete = True                                                                       â”‚ â”‚
â”‚ â”‚            self = <__main__.ComfyUIAutomation object at 0x000001CDAE3A6A50>                  â”‚ â”‚
â”‚ â”‚     weight_lora = {                                                                          â”‚ â”‚
â”‚ â”‚                   â”‚   'Add': {                                                               â”‚ â”‚
â”‚ â”‚                   â”‚   â”‚   'per': True,                                                       â”‚ â”‚
â”‚ â”‚                   â”‚   â”‚   'perMax': [0, 2],                                                  â”‚ â”‚
â”‚ â”‚                   â”‚   â”‚   'weight': True,                                                    â”‚ â”‚
â”‚ â”‚                   â”‚   â”‚   'weightMax': [0, 2],                                               â”‚ â”‚
â”‚ â”‚                   â”‚   â”‚   'total': True,                                                     â”‚ â”‚
â”‚ â”‚                   â”‚   â”‚   'totalMax': [0, 2],                                                â”‚ â”‚
â”‚ â”‚                   â”‚   â”‚   'dic': {                                                           â”‚ â”‚
â”‚ â”‚                   â”‚   â”‚   â”‚   'asphyxiation_Choke': {                                        â”‚ â”‚
â”‚ â”‚                   â”‚   â”‚   â”‚   â”‚   'weight': 10,                                              â”‚ â”‚
â”‚ â”‚                   â”‚   â”‚   â”‚   â”‚   'per': 0.125,                                              â”‚ â”‚
â”‚ â”‚                   â”‚   â”‚   â”‚   â”‚   'loras': {                                                 â”‚ â”‚
â”‚ â”‚                   â”‚   â”‚   â”‚   â”‚   â”‚   'strangling_illustrious_V1.0': 3,                      â”‚ â”‚
â”‚ â”‚                   â”‚   â”‚   â”‚   â”‚   â”‚                                                          â”‚ â”‚
â”‚ â”‚                   'doggystyle-asphyxiation-illustriosxl-lora-nochekaiser': 3,                â”‚ â”‚
â”‚ â”‚                   â”‚   â”‚   â”‚   â”‚   â”‚   'Choke_Hold_r1': 3,                                    â”‚ â”‚
â”‚ â”‚                   â”‚   â”‚   â”‚   â”‚   â”‚   'one_hand_strangling_ilxl_v1': 1,                      â”‚ â”‚
â”‚ â”‚                   â”‚   â”‚   â”‚   â”‚   â”‚   'choke_hold_rnc_ilxl': 1,                              â”‚ â”‚
â”‚ â”‚                   â”‚   â”‚   â”‚   â”‚   â”‚   'choking-doggy-style-IL-000011': 3                     â”‚ â”‚
â”‚ â”‚                   â”‚   â”‚   â”‚   â”‚   }                                                          â”‚ â”‚
â”‚ â”‚                   â”‚   â”‚   â”‚   },                                                             â”‚ â”‚
â”‚ â”‚                   â”‚   â”‚   â”‚   'amputee': {                                                   â”‚ â”‚
â”‚ â”‚                   â”‚   â”‚   â”‚   â”‚   'per': 0.125,                                              â”‚ â”‚
â”‚ â”‚                   â”‚   â”‚   â”‚   â”‚   'weight': 10,                                              â”‚ â”‚
â”‚ â”‚                   â”‚   â”‚   â”‚   â”‚   'loras': {                                                 â”‚ â”‚
â”‚ â”‚                   â”‚   â”‚   â”‚   â”‚   â”‚   'Fan_no_hitori_-_Onahole': 2,                          â”‚ â”‚
â”‚ â”‚                   â”‚   â”‚   â”‚   â”‚   â”‚   'daruma_illustrious_V1.0': 4,                          â”‚ â”‚
â”‚ â”‚                   â”‚   â”‚   â”‚   â”‚   â”‚   'Suspended_Amputee_IL_v1-000045': 6,                   â”‚ â”‚
â”‚ â”‚                   â”‚   â”‚   â”‚   â”‚   â”‚   'AmputeeIllustrious': 6,                               â”‚ â”‚
â”‚ â”‚                   â”‚   â”‚   â”‚   â”‚   â”‚   'Amputee_stumpless_Illu_v3_drawn': 4,                  â”‚ â”‚
â”‚ â”‚                   â”‚   â”‚   â”‚   â”‚   â”‚                                                          â”‚ â”‚
â”‚ â”‚                   'sex_toy_transformationAlpha_2_Illustrious_DIM-12_sv_cumulative_0.805': 6, â”‚ â”‚
â”‚ â”‚                   â”‚   â”‚   â”‚   â”‚   â”‚   'aptbody': 6,                                          â”‚ â”‚
â”‚ â”‚                   â”‚   â”‚   â”‚   â”‚   â”‚   'Amputee_Pet_IL_v1': 1,                                â”‚ â”‚
â”‚ â”‚                   â”‚   â”‚   â”‚   â”‚   â”‚   'OnaholeTFInksgirls': 6,                               â”‚ â”‚
â”‚ â”‚                   â”‚   â”‚   â”‚   â”‚   â”‚   'onaholetf': 4,                                        â”‚ â”‚
â”‚ â”‚                   â”‚   â”‚   â”‚   â”‚   â”‚   ... +9                                                 â”‚ â”‚
â”‚ â”‚                   â”‚   â”‚   â”‚   â”‚   },                                                         â”‚ â”‚
â”‚ â”‚                   â”‚   â”‚   â”‚   â”‚   'positive': {                                              â”‚ â”‚
â”‚ â”‚                   â”‚   â”‚   â”‚   â”‚   â”‚   'ballet': '',                                          â”‚ â”‚
â”‚ â”‚                   â”‚   â”‚   â”‚   â”‚   â”‚   'cuffs': '',                                           â”‚ â”‚
â”‚ â”‚                   â”‚   â”‚   â”‚   â”‚   â”‚   'thighs': '',                                          â”‚ â”‚
â”‚ â”‚                   â”‚   â”‚   â”‚   â”‚   â”‚   'sleeves': ''                                          â”‚ â”‚
â”‚ â”‚                   â”‚   â”‚   â”‚   â”‚   }                                                          â”‚ â”‚
â”‚ â”‚                   â”‚   â”‚   â”‚   },                                                             â”‚ â”‚
â”‚ â”‚                   â”‚   â”‚   â”‚   'body': {                                                      â”‚ â”‚
â”‚ â”‚                   â”‚   â”‚   â”‚   â”‚   'weight': 1,                                               â”‚ â”‚
â”‚ â”‚                   â”‚   â”‚   â”‚   â”‚   'per': 0.125,                                              â”‚ â”‚
â”‚ â”‚                   â”‚   â”‚   â”‚   â”‚   'loras': {                                                 â”‚ â”‚
â”‚ â”‚                   â”‚   â”‚   â”‚   â”‚   â”‚   'MinipersonOnahole': 1,                                â”‚ â”‚
â”‚ â”‚                   â”‚   â”‚   â”‚   â”‚   â”‚   'superhipwaistv4-illust': 1,                           â”‚ â”‚
â”‚ â”‚                   â”‚   â”‚   â”‚   â”‚   â”‚   'futa on femboy v4': 1,                                â”‚ â”‚
â”‚ â”‚                   â”‚   â”‚   â”‚   â”‚   â”‚   'narrownarrow_IL': 1,                                  â”‚ â”‚
â”‚ â”‚                   â”‚   â”‚   â”‚   â”‚   â”‚   'NM_fairy_sex_ill': 1,                                 â”‚ â”‚
â”‚ â”‚                   â”‚   â”‚   â”‚   â”‚   â”‚   'Waist slider IXLDD3_alpha16.0_rank32_full_last': 1,   â”‚ â”‚
â”‚ â”‚                   â”‚   â”‚   â”‚   â”‚   â”‚   'skinnygirl_IL': 1,                                    â”‚ â”‚
â”‚ â”‚                   â”‚   â”‚   â”‚   â”‚   â”‚   'skinnygirl_ILv2': 1                                   â”‚ â”‚
â”‚ â”‚                   â”‚   â”‚   â”‚   â”‚   },                                                         â”‚ â”‚
â”‚ â”‚                   â”‚   â”‚   â”‚   â”‚   'positive': {'test6': ''},                                 â”‚ â”‚
â”‚ â”‚                   â”‚   â”‚   â”‚   â”‚   'negative': {'test6': ''}                                  â”‚ â”‚
â”‚ â”‚                   â”‚   â”‚   â”‚   },                                                             â”‚ â”‚
â”‚ â”‚                   â”‚   â”‚   â”‚   'pregnant veiny': {                                            â”‚ â”‚
â”‚ â”‚                   â”‚   â”‚   â”‚   â”‚   'loras': {                                                 â”‚ â”‚
â”‚ â”‚                   â”‚   â”‚   â”‚   â”‚   â”‚   'better_preggo_Noobvprod': 1,                          â”‚ â”‚
â”‚ â”‚                   â”‚   â”‚   â”‚   â”‚   â”‚   'pregnantveinyIllustrious': 1,                         â”‚ â”‚
â”‚ â”‚                   â”‚   â”‚   â”‚   â”‚   â”‚   'Pregao1 Illustrious XL': 1                            â”‚ â”‚
â”‚ â”‚                   â”‚   â”‚   â”‚   â”‚   },                                                         â”‚ â”‚
â”‚ â”‚                   â”‚   â”‚   â”‚   â”‚   'per': 0.0625,                                             â”‚ â”‚
â”‚ â”‚                   â”‚   â”‚   â”‚   â”‚   'weight': 1                                                â”‚ â”‚
â”‚ â”‚                   â”‚   â”‚   â”‚   },                                                             â”‚ â”‚
â”‚ â”‚                   â”‚   â”‚   â”‚   'view': {                                                      â”‚ â”‚
â”‚ â”‚                   â”‚   â”‚   â”‚   â”‚   'weight': 0,                                               â”‚ â”‚
â”‚ â”‚                   â”‚   â”‚   â”‚   â”‚   'per': 0.0,                                                â”‚ â”‚
â”‚ â”‚                   â”‚   â”‚   â”‚   â”‚   'loras': {'Comic_Kawaii2_8_IL': 1},                        â”‚ â”‚
â”‚ â”‚                   â”‚   â”‚   â”‚   â”‚   'positive': {'view': ''},                                  â”‚ â”‚
â”‚ â”‚                   â”‚   â”‚   â”‚   â”‚   'negative': {'view': ''}                                   â”‚ â”‚
â”‚ â”‚                   â”‚   â”‚   â”‚   },                                                             â”‚ â”‚
â”‚ â”‚                   â”‚   â”‚   â”‚   'legs': {                                                      â”‚ â”‚
â”‚ â”‚                   â”‚   â”‚   â”‚   â”‚   'weight': 1,                                               â”‚ â”‚
â”‚ â”‚                   â”‚   â”‚   â”‚   â”‚   'per': 0.0625,                                             â”‚ â”‚
â”‚ â”‚                   â”‚   â”‚   â”‚   â”‚   'loras': {                                                 â”‚ â”‚
â”‚ â”‚                   â”‚   â”‚   â”‚   â”‚   â”‚   'Long legs slider2_alpha16.0_rank32_full_last': 3,     â”‚ â”‚
â”‚ â”‚                   â”‚   â”‚   â”‚   â”‚   â”‚   'Micro_Waist_Slider-IL-GMR-000009': 0,                 â”‚ â”‚
â”‚ â”‚                   â”‚   â”‚   â”‚   â”‚   â”‚   'slimlegs_il_v1': 3                                    â”‚ â”‚
â”‚ â”‚                   â”‚   â”‚   â”‚   â”‚   },                                                         â”‚ â”‚
â”‚ â”‚                   â”‚   â”‚   â”‚   â”‚   'positive': {'test5': ''},                                 â”‚ â”‚
â”‚ â”‚                   â”‚   â”‚   â”‚   â”‚   'negative': {'test5': ''}                                  â”‚ â”‚
â”‚ â”‚                   â”‚   â”‚   â”‚   },                                                             â”‚ â”‚
â”‚ â”‚                   â”‚   â”‚   â”‚   'Long_Hair': {                                                 â”‚ â”‚
â”‚ â”‚                   â”‚   â”‚   â”‚   â”‚   'weight': 1,                                               â”‚ â”‚
â”‚ â”‚                   â”‚   â”‚   â”‚   â”‚   'per': 0.03125,                                            â”‚ â”‚
â”‚ â”‚                   â”‚   â”‚   â”‚   â”‚   'loras': {                                                 â”‚ â”‚
â”‚ â”‚                   â”‚   â”‚   â”‚   â”‚   â”‚   'Super_Long_Hair_Illustrious': 1,                      â”‚ â”‚
â”‚ â”‚                   â”‚   â”‚   â”‚   â”‚   â”‚   'FloorLengthHairIllustrious': 1                        â”‚ â”‚
â”‚ â”‚                   â”‚   â”‚   â”‚   â”‚   },                                                         â”‚ â”‚
â”‚ â”‚                   â”‚   â”‚   â”‚   â”‚   'positive': {'test3': ''},                                 â”‚ â”‚
â”‚ â”‚                   â”‚   â”‚   â”‚   â”‚   'negative': {'test3': ''}                                  â”‚ â”‚
â”‚ â”‚                   â”‚   â”‚   â”‚   },                                                             â”‚ â”‚
â”‚ â”‚                   â”‚   â”‚   â”‚   'flat_chastity': {                                             â”‚ â”‚
â”‚ â”‚                   â”‚   â”‚   â”‚   â”‚   'weight': 0,                                               â”‚ â”‚
â”‚ â”‚                   â”‚   â”‚   â”‚   â”‚   'per': 0.0,                                                â”‚ â”‚
â”‚ â”‚                   â”‚   â”‚   â”‚   â”‚   'loras': ['flat_chastity-20']                              â”‚ â”‚
â”‚ â”‚                   â”‚   â”‚   â”‚   },                                                             â”‚ â”‚
â”‚ â”‚                   â”‚   â”‚   â”‚   'action': {                                                    â”‚ â”‚
â”‚ â”‚                   â”‚   â”‚   â”‚   â”‚   'loras': {                                                 â”‚ â”‚
â”‚ â”‚                   â”‚   â”‚   â”‚   â”‚   â”‚   'rope_walking_ilxl_v1': 1,                             â”‚ â”‚
â”‚ â”‚                   â”‚   â”‚   â”‚   â”‚   â”‚   'rope walking_illustrious_V1.0': 1,                    â”‚ â”‚
â”‚ â”‚                   â”‚   â”‚   â”‚   â”‚   â”‚   'rope_around_neck_V1-000007': 1,                       â”‚ â”‚
â”‚ â”‚                   â”‚   â”‚   â”‚   â”‚   â”‚   'stomach punch': 1,                                    â”‚ â”‚
â”‚ â”‚                   â”‚   â”‚   â”‚   â”‚   â”‚   'Earfuck illus': 1,                                    â”‚ â”‚
â”‚ â”‚                   â”‚   â”‚   â”‚   â”‚   â”‚   'Ear_Threading_Illustrious-000011': 1,                 â”‚ â”‚
â”‚ â”‚                   â”‚   â”‚   â”‚   â”‚   â”‚   'birthingV11_5_Illustrious-07': 10,                    â”‚ â”‚
â”‚ â”‚                   â”‚   â”‚   â”‚   â”‚   â”‚   'concept_holdingdildomasturbation_illustriousXL': 1    â”‚ â”‚
â”‚ â”‚                   â”‚   â”‚   â”‚   â”‚   },                                                         â”‚ â”‚
â”‚ â”‚                   â”‚   â”‚   â”‚   â”‚   'per': 0.0625,                                             â”‚ â”‚
â”‚ â”‚                   â”‚   â”‚   â”‚   â”‚   'weight': 1                                                â”‚ â”‚
â”‚ â”‚                   â”‚   â”‚   â”‚   },                                                             â”‚ â”‚
â”‚ â”‚                   â”‚   â”‚   â”‚   'Tentacle': {                                                  â”‚ â”‚
â”‚ â”‚                   â”‚   â”‚   â”‚   â”‚   'weight': 10,                                              â”‚ â”‚
â”‚ â”‚                   â”‚   â”‚   â”‚   â”‚   'per': 0.125,                                              â”‚ â”‚
â”‚ â”‚                   â”‚   â”‚   â”‚   â”‚   'loras': {                                                 â”‚ â”‚
â”‚ â”‚                   â”‚   â”‚   â”‚   â”‚   â”‚   'Roper_Concept-Illustrious': 1,                        â”‚ â”‚
â”‚ â”‚                   â”‚   â”‚   â”‚   â”‚   â”‚   'Entangled-1A': 1,                                     â”‚ â”‚
â”‚ â”‚                   â”‚   â”‚   â”‚   â”‚   â”‚   'MultiplePenetration-1A': 1,                           â”‚ â”‚
â”‚ â”‚                   â”‚   â”‚   â”‚   â”‚   â”‚   'MultipleOral-1A': 1,                                  â”‚ â”‚
â”‚ â”‚                   â”‚   â”‚   â”‚   â”‚   â”‚   'MultipleOral-3A': 1,                                  â”‚ â”‚
â”‚ â”‚                   â”‚   â”‚   â”‚   â”‚   â”‚   'From_Below_to_Hello-_consept-000007': 1,              â”‚ â”‚
â”‚ â”‚                   â”‚   â”‚   â”‚   â”‚   â”‚   'seadevil_ill-09': 1,                                  â”‚ â”‚
â”‚ â”‚                   â”‚   â”‚   â”‚   â”‚   â”‚   'tentacle_blue_oc': 1,                                 â”‚ â”‚
â”‚ â”‚                   â”‚   â”‚   â”‚   â”‚   â”‚   'Fleshwall_IL_v1-1488-31-0': 1,                        â”‚ â”‚
â”‚ â”‚                   â”‚   â”‚   â”‚   â”‚   â”‚   'kankakuXLNAI': 1,                                     â”‚ â”‚
â”‚ â”‚                   â”‚   â”‚   â”‚   â”‚   â”‚   ... +31                                                â”‚ â”‚
â”‚ â”‚                   â”‚   â”‚   â”‚   â”‚   }                                                          â”‚ â”‚
â”‚ â”‚                   â”‚   â”‚   â”‚   },                                                             â”‚ â”‚
â”‚ â”‚                   â”‚   â”‚   â”‚   ... +16                                                        â”‚ â”‚
â”‚ â”‚                   â”‚   â”‚   }                                                                  â”‚ â”‚
â”‚ â”‚                   â”‚   },                                                                     â”‚ â”‚
â”‚ â”‚                   â”‚   'Must': {                                                              â”‚ â”‚
â”‚ â”‚                   â”‚   â”‚   'per': True,                                                       â”‚ â”‚
â”‚ â”‚                   â”‚   â”‚   'perMax': [0, 2],                                                  â”‚ â”‚
â”‚ â”‚                   â”‚   â”‚   'weight': True,                                                    â”‚ â”‚
â”‚ â”‚                   â”‚   â”‚   'weightMax': [0, 2],                                               â”‚ â”‚
â”‚ â”‚                   â”‚   â”‚   'total': True,                                                     â”‚ â”‚
â”‚ â”‚                   â”‚   â”‚   'totalMax': [0, 2],                                                â”‚ â”‚
â”‚ â”‚                   â”‚   â”‚   'dic': {                                                           â”‚ â”‚
â”‚ â”‚                   â”‚   â”‚   â”‚   'hanged': {                                                    â”‚ â”‚
â”‚ â”‚                   â”‚   â”‚   â”‚   â”‚   'weight': 1,                                               â”‚ â”‚
â”‚ â”‚                   â”‚   â”‚   â”‚   â”‚   'per': 0.125,                                              â”‚ â”‚
â”‚ â”‚                   â”‚   â”‚   â”‚   â”‚   'loras': {                                                 â”‚ â”‚
â”‚ â”‚                   â”‚   â”‚   â”‚   â”‚   â”‚   'hanged-lora-ilxl-0.4-000010': 1,                      â”‚ â”‚
â”‚ â”‚                   â”‚   â”‚   â”‚   â”‚   â”‚   'hangedV10-05': 2,                                     â”‚ â”‚
â”‚ â”‚                   â”‚   â”‚   â”‚   â”‚   â”‚   'HangingRope_around_neck_-__Illustrious': 3,           â”‚ â”‚
â”‚ â”‚                   â”‚   â”‚   â”‚   â”‚   â”‚   'hanged': 2                                            â”‚ â”‚
â”‚ â”‚                   â”‚   â”‚   â”‚   â”‚   }                                                          â”‚ â”‚
â”‚ â”‚                   â”‚   â”‚   â”‚   },                                                             â”‚ â”‚
â”‚ â”‚                   â”‚   â”‚   â”‚   'balletheels': {                                               â”‚ â”‚
â”‚ â”‚                   â”‚   â”‚   â”‚   â”‚   'loras': ['balletheelsILL2'],                              â”‚ â”‚
â”‚ â”‚                   â”‚   â”‚   â”‚   â”‚   'per': 0.125,                                              â”‚ â”‚
â”‚ â”‚                   â”‚   â”‚   â”‚   â”‚   'weight': 1                                                â”‚ â”‚
â”‚ â”‚                   â”‚   â”‚   â”‚   },                                                             â”‚ â”‚
â”‚ â”‚                   â”‚   â”‚   â”‚   'narrownarrow_IL': {                                           â”‚ â”‚
â”‚ â”‚                   â”‚   â”‚   â”‚   â”‚   'loras': ['narrownarrow_IL'],                              â”‚ â”‚
â”‚ â”‚                   â”‚   â”‚   â”‚   â”‚   'per': 0.125,                                              â”‚ â”‚
â”‚ â”‚                   â”‚   â”‚   â”‚   â”‚   'weight': 1                                                â”‚ â”‚
â”‚ â”‚                   â”‚   â”‚   â”‚   },                                                             â”‚ â”‚
â”‚ â”‚                   â”‚   â”‚   â”‚   'slimlegs_il_v1': {                                            â”‚ â”‚
â”‚ â”‚                   â”‚   â”‚   â”‚   â”‚   'loras': ['slimlegs_il_v1'],                               â”‚ â”‚
â”‚ â”‚                   â”‚   â”‚   â”‚   â”‚   'per': 0.125,                                              â”‚ â”‚
â”‚ â”‚                   â”‚   â”‚   â”‚   â”‚   'weight': 1                                                â”‚ â”‚
â”‚ â”‚                   â”‚   â”‚   â”‚   }                                                              â”‚ â”‚
â”‚ â”‚                   â”‚   â”‚   }                                                                  â”‚ â”‚
â”‚ â”‚                   â”‚   }                                                                      â”‚ â”‚
â”‚ â”‚                   }                                                                          â”‚ â”‚
â”‚ â•°â”€â”€â”€â”€â”€â”€â”€â”€â”€â”€â”€â”€â”€â”€â”€â”€â”€â”€â”€â”€â”€â”€â”€â”€â”€â”€â”€â”€â”€â”€â”€â”€â”€â”€â”€â”€â”€â”€â”€â”€â”€â”€â”€â”€â”€â”€â”€â”€â”€â”€â”€â”€â”€â”€â”€â”€â”€â”€â”€â”€â”€â”€â”€â”€â”€â”€â”€â”€â”€â”€â”€â”€â”€â”€â”€â”€â”€â”€â”€â”€â”€â”€â”€â”€â”€â”€â”€â”€â”€â”€â”€â”€â”€â”€â•¯ â”‚
â”‚                                                                                                  â”‚
â”‚ W:\ComfyUI_windows_portable\ComfyU-auto-script-call\main.py:287 in _clean_weight_lora            â”‚
â”‚                                                                                                  â”‚
â”‚    284 â”‚   â”‚   lora_file_names = self.get_now('LoraFileNames')                                   â”‚
â”‚    285 â”‚   â”‚   weight_lora = self.get_now('WeightLora')                                          â”‚
â”‚    286 â”‚   â”‚                                                                                     â”‚
â”‚ â±  287 â”‚   â”‚   for k1, v1 in list(weight_lora.items()):                                          â”‚
â”‚    288 â”‚   â”‚   â”‚   if not isinstance(v1, dict):                                                  â”‚
â”‚    289 â”‚   â”‚   â”‚   â”‚   continue                                                                  â”‚
â”‚    290                                                                                           â”‚
â”‚                                                                                                  â”‚
â”‚ â•­â”€â”€â”€â”€â”€â”€â”€â”€â”€â”€â”€â”€â”€â”€â”€â”€â”€â”€â”€â”€â”€â”€â”€â”€â”€â”€â”€â”€â”€â”€â”€â”€â”€â”€â”€â”€â”€â”€â”€â”€ locals â”€â”€â”€â”€â”€â”€â”€â”€â”€â”€â”€â”€â”€â”€â”€â”€â”€â”€â”€â”€â”€â”€â”€â”€â”€â”€â”€â”€â”€â”€â”€â”€â”€â”€â”€â”€â”€â”€â”€â”€â•®       â”‚
â”‚ â”‚ checkpoint_type = 'IL'                                                                 â”‚       â”‚
â”‚ â”‚ lora_file_names = [                                                                    â”‚       â”‚
â”‚ â”‚                   â”‚   '1123_Illustrious_Tentacle_New_V1_16dim_3batch_CAME_Cosine_Res', â”‚       â”‚
â”‚ â”‚                   â”‚   '133Ar-6u9_v1',                                                  â”‚       â”‚
â”‚ â”‚                   â”‚   '2.5D cel_rendering Style',                                      â”‚       â”‚
â”‚ â”‚                   â”‚   '3p_sex_doggy',                                                  â”‚       â”‚
â”‚ â”‚                   â”‚   '3p_sex_missionary',                                             â”‚       â”‚
â”‚ â”‚                   â”‚   'adh',                                                           â”‚       â”‚
â”‚ â”‚                   â”‚   'Aikatsu',                                                       â”‚       â”‚
â”‚ â”‚                   â”‚   'Akihiro Ononaka style',                                         â”‚       â”‚
â”‚ â”‚                   â”‚   'All the way though illus-000045',                               â”‚       â”‚
â”‚ â”‚                   â”‚   'all the way through-noob-V1',                                   â”‚       â”‚
â”‚ â”‚                   â”‚   ... +376                                                         â”‚       â”‚
â”‚ â”‚                   ]                                                                    â”‚       â”‚
â”‚ â”‚            self = <__main__.ComfyUIAutomation object at 0x000001CDAE3A6A50>            â”‚       â”‚
â”‚ â”‚     weight_lora = None                                                                 â”‚       â”‚
â”‚ â•°â”€â”€â”€â”€â”€â”€â”€â”€â”€â”€â”€â”€â”€â”€â”€â”€â”€â”€â”€â”€â”€â”€â”€â”€â”€â”€â”€â”€â”€â”€â”€â”€â”€â”€â”€â”€â”€â”€â”€â”€â”€â”€â”€â”€â”€â”€â”€â”€â”€â”€â”€â”€â”€â”€â”€â”€â”€â”€â”€â”€â”€â”€â”€â”€â”€â”€â”€â”€â”€â”€â”€â”€â”€â”€â”€â”€â”€â”€â”€â”€â”€â”€â”€â”€â”€â”€â”€â”€â•¯       â”‚
â•°â”€â”€â”€â”€â”€â”€â”€â”€â”€â”€â”€â”€â”€â”€â”€â”€â”€â”€â”€â”€â”€â”€â”€â”€â”€â”€â”€â”€â”€â”€â”€â”€â”€â”€â”€â”€â”€â”€â”€â”€â”€â”€â”€â”€â”€â”€â”€â”€â”€â”€â”€â”€â”€â”€â”€â”€â”€â”€â”€â”€â”€â”€â”€â”€â”€â”€â”€â”€â”€â”€â”€â”€â”€â”€â”€â”€â”€â”€â”€â”€â”€â”€â”€â”€â”€â”€â”€â”€â”€â”€â”€â”€â”€â”€â”€â”€â”€â”€â•¯
AttributeError: 'NoneType' object has no attribute 'items'
[19:09:21] XLSX íŒŒì¼ ìƒì„± ì™„ë£Œ: W:\ComfyUI_windows_portable\ComfyU-auto-script_data\count.xlsx        json_to_xlsx.py:69
            === finally ===                                                                                  main.py:958
