[0m
[19:39:22] CheckpointFiles IL 311                                                          main.py:163
           CharFiles IL 4712                                                               main.py:177
           LoraFiles IL 386                                                                main.py:191
           WeightCheckpoint IL 311                                                         main.py:254
           WeightLora IL 2                                                                 main.py:286
           WeightLora (cleaned) IL 2                                                       main.py:297
           WeightChar IL 4712                                                              main.py:277
[19:39:24] CheckpointFiles Pony 64                                                         main.py:163
           CharFiles Pony 4178                                                             main.py:177
           LoraFiles Pony 583                                                              main.py:191
           WeightCheckpoint Pony 64                                                        main.py:254
           WeightLora Pony 2                                                               main.py:286
           WeightLora (cleaned) Pony 2                                                     main.py:297
           WeightChar Pony 4178                                                            main.py:277
[19:39:29] XLSX 파일 생성 완료:                                                     json_to_xlsx.py:69
           W:\ComfyUI_windows_portable\ComfyU-auto-script_data\count.xlsx                             
           checkpoint_type Pony                                                            main.py:407
           CheckpointWeightPer 0.5 False                                                   main.py:411
           SubCheckpoint 0                                                                 main.py:429
           no WeightCheckpoint                                                             main.py:435
           checkpoint_name unholyDesireMixFoolS_v30                                        main.py:437
           checkpoint_path Pony\unholyDesireMixFoolS_v30.safetensors                       main.py:439
           noCharPer 0.5 0.35807453203178596 True                                          main.py:451
           char_path Pony\char\(Pony) Charlotte_Futsuma_Shoujo.safetensors                 main.py:460
           noLoraPer 0.125 0.2183435587931617 False                                        main.py:496
           LoraChange Add 7                                                                main.py:504
           LoraChange weight Add                                                           main.py:536
           set()                                                                                      
           lorasSetTmp Add                                                                 main.py:560
           {'DeepthroatV1'}                                                                           
           LoraChange Must 7                                                               main.py:504
           LoraChange weight Must                                                          main.py:536
           {'hang'}                                                                                   
           lorasSetTmp Must                                                                main.py:560
           {'HangingPonyV2-000030'}                                                                   
           lorasSet                                                                        main.py:566
           {'HangingPonyV2-000030', 'DeepthroatV1'}                                                   
           1, 1/6, 1/3, 1/3, 0:00:07.798126, unholyDesireMixFoolS_v30, noChar, Pony       main.py:1059
[19:39:30] 프롬프트 전송 완료                                                          comfy_api.py:53
