[0m
[19:19:05] CheckpointFiles IL 311                                                          main.py:163
           CharFiles IL 4712                                                               main.py:177
           LoraFiles IL 386                                                                main.py:191
           WeightCheckpoint IL 311                                                         main.py:254
           WeightLora IL 2                                                                 main.py:286
           WeightLora (cleaned) IL 2                                                       main.py:297
           WeightChar IL 4712                                                              main.py:277
[19:19:07] CheckpointFiles Pony 64                                                         main.py:163
           CharFiles Pony 4178                                                             main.py:177
           LoraFiles Pony 583                                                              main.py:191
           WeightCheckpoint Pony 64                                                        main.py:254
[19:19:08] WeightLora Pony 2                                                               main.py:286
           WeightLora (cleaned) Pony 2                                                     main.py:297
           WeightChar Pony 4178                                                            main.py:277
[19:19:12] XLSX 파일 생성 완료:                                                     json_to_xlsx.py:69
           W:\ComfyUI_windows_portable\ComfyU-auto-script_data\count.xlsx                             
           checkpoint_type IL                                                              main.py:407
           CheckpointWeightPer 0.5 False                                                   main.py:411
           SubCheckpoint 0                                                                 main.py:429
           no WeightCheckpoint                                                             main.py:435
           checkpoint_name graycolor25DModel_v20                                           main.py:437
           checkpoint_path IL\graycolor25DModel_v20.safetensors                            main.py:439
           noCharPer 0.5 0.4598696538163344 True                                           main.py:451
           char_path IL\char\(wiehhg_cos)hutao_v1.0_illustrious-000060.safetensors         main.py:460
           noLoraPer 0.125 0.7852729469747276 False                                        main.py:496
           LoraChange Add 7                                                                main.py:504
           LoraChange weight Add                                                           main.py:536
           set()                                                                                      
           lorasSetTmp Add                                                                 main.py:560
           {'rope-bound-wariza-illustriousxl-lora-nochekaiser', 'Choke_Hold_r1'}                      
           LoraChange Must 7                                                               main.py:504
           LoraChange weight Must                                                          main.py:536
           {'hanged'}                                                                                 
           lorasSetTmp Must                                                                main.py:560
           set()                                                                                      
           lorasSet                                                                        main.py:566
           {'rope-bound-wariza-illustriousxl-lora-nochekaiser', 'Choke_Hold_r1'}                      
           1, 1/6, 1/3, 1/3, 0:00:06.795022, graycolor25DModel_v20, noChar, IL            main.py:1059
           프롬프트 전송 완료                                                          comfy_api.py:53
[19:19:13] XLSX 파일 생성 완료:                                                     json_to_xlsx.py:69
           W:\ComfyUI_windows_portable\ComfyU-auto-script_data\count.xlsx                             
            === finally ===                                                               main.py:1000
