[0m
[19:14:54] CheckpointFiles IL 311                                                          main.py:161
           CharFiles IL 4712                                                               main.py:174
           LoraFiles IL 386                                                                main.py:187
           WeightCheckpoint IL 311                                                         main.py:246
           WeightLora IL 2                                                                 main.py:274
           WeightLora (cleaned) IL 2                                                       main.py:282
           WeightChar IL 4712                                                              main.py:266
[19:14:57] CheckpointFiles Pony 64                                                         main.py:161
           CharFiles Pony 4178                                                             main.py:174
           LoraFiles Pony 583                                                              main.py:187
           WeightCheckpoint Pony 64                                                        main.py:246
           WeightLora Pony 2                                                               main.py:274
           WeightLora (cleaned) Pony 2                                                     main.py:282
           WeightChar Pony 4178                                                            main.py:266
[19:15:01] XLSX 파일 생성 완료:                                                     json_to_xlsx.py:69
           W:\ComfyUI_windows_portable\ComfyU-auto-script_data\count.xlsx                             
           checkpoint_type IL                                                              main.py:387
           CheckpointWeightPer 0.5 False                                                   main.py:391
           SubCheckpoint 0                                                                 main.py:404
           no WeightCheckpoint                                                             main.py:410
           checkpoint_name None                                                            main.py:412
           checkpoint_path None                                                            main.py:414
           noCharPer 0.5 0.9211172029622761 False                                          main.py:421
           CharWeightPer 0.75 0.2126966800769352 True                                      main.py:435
           no WeightChar                                                                   main.py:441
           char_name None                                                                  main.py:454
           char_path None                                                                  main.py:456
           noLoraPer 0.125 0.34729705588534643 False                                       main.py:466
           lorasSet                                                                        main.py:536
           set()                                                                                      
           1, 1/6, 1/3, 1/3, 0:00:06.567074, None, None, IL                               main.py:1029
[19:15:03] URL 오류: [WinError 10061] 대상 컴퓨터에서 연결을 거부했으므로 연결하지     comfy_api.py:49
           못했습니다                                                                                 
[19:15:05] KeyboardInterrupt                                                               main.py:959
[19:15:06] XLSX 파일 생성 완료:                                                     json_to_xlsx.py:69
           W:\ComfyUI_windows_portable\ComfyU-auto-script_data\count.xlsx                             
            === finally ===                                                                main.py:970
